# JRE version: Java(TM) SE Runtime Environment (8.0_40-b25) (build 1.8.0_40-b25)
# Java VM: Java HotSpot(TM) 64-Bit Server VM (25.40-b25 mixed mode windows-amd64 compressed oops)
Heap:
 PSYoungGen      total 15872K, used 10862K [0x00000000ebc00000, 0x00000000ed300000, 0x0000000100000000)
  eden space 15360K, 69% used [0x00000000ebc00000,0x00000000ec67baf0,0x00000000ecb00000)
  from space 512K, 25% used [0x00000000ecb00000,0x00000000ecb20000,0x00000000ecb80000)
  to   space 4096K, 0% used [0x00000000ecf00000,0x00000000ecf00000,0x00000000ed300000)
 ParOldGen       total 42496K, used 7737K [0x00000000c3400000, 0x00000000c5d80000, 0x00000000ebc00000)
  object space 42496K, 18% used [0x00000000c3400000,0x00000000c3b8e4c0,0x00000000c5d80000)
 Metaspace       used 10131K, capacity 10320K, committed 10496K, reserved 1058816K
  class space    used 1145K, capacity 1218K, committed 1280K, reserved 1048576K
GC Heap History (10 events):
Event: 43.688 GC heap before
{Heap before GC invocations=15 (full 0):
 PSYoungGen      total 20480K, used 15456K [0x00000000ebc00000, 0x00000000ed500000, 0x0000000100000000)
  eden space 15360K, 100% used [0x00000000ebc00000,0x00000000ecb00000,0x00000000ecb00000)
  from space 5120K, 1% used [0x00000000ed000000,0x00000000ed018000,0x00000000ed500000)
  to   space 5120K, 0% used [0x00000000ecb00000,0x00000000ecb00000,0x00000000ed000000)
 ParOldGen       total 42496K, used 7673K [0x00000000c3400000, 0x00000000c5d80000, 0x00000000ebc00000)
  object space 42496K, 18% used [0x00000000c3400000,0x00000000c3b7e4c0,0x00000000c5d80000)
 Metaspace       used 10010K, capacity 10192K, committed 10496K, reserved 1058816K
  class space    used 1145K, capacity 1218K, committed 1280K, reserved 1048576K
Event: 43.701 GC heap after
Heap after GC invocations=15 (full 0):
 PSYoungGen      total 20480K, used 64K [0x00000000ebc00000, 0x00000000ed500000, 0x0000000100000000)
  eden space 15360K, 0% used [0x00000000ebc00000,0x00000000ebc00000,0x00000000ecb00000)
  from space 5120K, 1% used [0x00000000ecb00000,0x00000000ecb10000,0x00000000ed000000)
  to   space 5120K, 0% used [0x00000000ed000000,0x00000000ed000000,0x00000000ed500000)
 ParOldGen       total 42496K, used 7673K [0x00000000c3400000, 0x00000000c5d80000, 0x00000000ebc00000)
  object space 42496K, 18% used [0x00000000c3400000,0x00000000c3b7e4c0,0x00000000c5d80000)
 Metaspace       used 10010K, capacity 10192K, committed 10496K, reserved 1058816K
  class space    used 1145K, capacity 1218K, committed 1280K, reserved 1048576K
}
Event: 44.590 GC heap before
{Heap before GC invocations=16 (full 0):
 PSYoungGen      total 20480K, used 15424K [0x00000000ebc00000, 0x00000000ed500000, 0x0000000100000000)
  eden space 15360K, 100% used [0x00000000ebc00000,0x00000000ecb00000,0x00000000ecb00000)
  from space 5120K, 1% used [0x00000000ecb00000,0x00000000ecb10000,0x00000000ed000000)
  to   space 5120K, 0% used [0x00000000ed000000,0x00000000ed000000,0x00000000ed500000)
 ParOldGen       total 42496K, used 7673K [0x00000000c3400000, 0x00000000c5d80000, 0x00000000ebc00000)
  object space 42496K, 18% used [0x00000000c3400000,0x00000000c3b7e4c0,0x00000000c5d80000)
 Metaspace       used 10019K, capacity 10192K, committed 10496K, reserved 1058816K
  class space    used 1145K, capacity 1218K, committed 1280K, reserved 1048576K
Event: 44.591 GC heap after
Heap after GC invocations=16 (full 0):
 PSYoungGen      total 19456K, used 128K [0x00000000ebc00000, 0x00000000ed400000, 0x0000000100000000)
  eden space 15360K, 0% used [0x00000000ebc00000,0x00000000ebc00000,0x00000000ecb00000)
  from space 4096K, 3% used [0x00000000ed000000,0x00000000ed020000,0x00000000ed400000)
  to   space 4608K, 0% used [0x00000000ecb00000,0x00000000ecb00000,0x00000000ecf80000)
 ParOldGen       total 42496K, used 7681K [0x00000000c3400000, 0x00000000c5d80000, 0x00000000ebc00000)
  object space 42496K, 18% used [0x00000000c3400000,0x00000000c3b804c0,0x00000000c5d80000)
 Metaspace       used 10019K, capacity 10192K, committed 10496K, reserved 1058816K
  class space    used 1145K, capacity 1218K, committed 1280K, reserved 1048576K
}
Event: 45.977 GC heap before
{Heap before GC invocations=17 (full 0):
 PSYoungGen      total 19456K, used 15488K [0x00000000ebc00000, 0x00000000ed400000, 0x0000000100000000)
  eden space 15360K, 100% used [0x00000000ebc00000,0x00000000ecb00000,0x00000000ecb00000)
  from space 4096K, 3% used [0x00000000ed000000,0x00000000ed020000,0x00000000ed400000)
  to   space 4608K, 0% used [0x00000000ecb00000,0x00000000ecb00000,0x00000000ecf80000)
 ParOldGen       total 42496K, used 7681K [0x00000000c3400000, 0x00000000c5d80000, 0x00000000ebc00000)
  object space 42496K, 18% used [0x00000000c3400000,0x00000000c3b804c0,0x00000000c5d80000)
 Metaspace       used 10070K, capacity 10256K, committed 10496K, reserved 1058816K
  class space    used 1145K, capacity 1218K, committed 1280K, reserved 1048576K
Event: 45.978 GC heap after
Heap after GC invocations=17 (full 0):
 PSYoungGen      total 19968K, used 96K [0x00000000ebc00000, 0x00000000ed400000, 0x0000000100000000)
  eden space 15360K, 0% used [0x00000000ebc00000,0x00000000ebc00000,0x00000000ecb00000)
  from space 4608K, 2% used [0x00000000ecb00000,0x00000000ecb18000,0x00000000ecf80000)
  to   space 4608K, 0% used [0x00000000ecf80000,0x00000000ecf80000,0x00000000ed400000)
 ParOldGen       total 42496K, used 7697K [0x00000000c3400000, 0x00000000c5d80000, 0x00000000ebc00000)
  object space 42496K, 18% used [0x00000000c3400000,0x00000000c3b844c0,0x00000000c5d80000)
 Metaspace       used 10070K, capacity 10256K, committed 10496K, reserved 1058816K
  class space    used 1145K, capacity 1218K, committed 1280K, reserved 1048576K
}
Event: 47.347 GC heap before
{Heap before GC invocations=18 (full 0):
 PSYoungGen      total 19968K, used 15456K [0x00000000ebc00000, 0x00000000ed400000, 0x0000000100000000)
  eden space 15360K, 100% used [0x00000000ebc00000,0x00000000ecb00000,0x00000000ecb00000)
  from space 4608K, 2% used [0x00000000ecb00000,0x00000000ecb18000,0x00000000ecf80000)
  to   space 4608K, 0% used [0x00000000ecf80000,0x00000000ecf80000,0x00000000ed400000)
 ParOldGen       total 42496K, used 7697K [0x00000000c3400000, 0x00000000c5d80000, 0x00000000ebc00000)
  object space 42496K, 18% used [0x00000000c3400000,0x00000000c3b844c0,0x00000000c5d80000)
 Metaspace       used 10115K, capacity 10256K, committed 10496K, reserved 1058816K
  class space    used 1145K, capacity 1218K, committed 1280K, reserved 1048576K
Event: 47.348 GC heap after
Heap after GC invocations=18 (full 0):
 PSYoungGen      total 19968K, used 128K [0x00000000ebc00000, 0x00000000ed400000, 0x0000000100000000)
  eden space 15360K, 0% used [0x00000000ebc00000,0x00000000ebc00000,0x00000000ecb00000)
  from space 4608K, 2% used [0x00000000ecf80000,0x00000000ecfa0000,0x00000000ed400000)
  to   space 4608K, 0% used [0x00000000ecb00000,0x00000000ecb00000,0x00000000ecf80000)
 ParOldGen       total 42496K, used 7721K [0x00000000c3400000, 0x00000000c5d80000, 0x00000000ebc00000)
  object space 42496K, 18% used [0x00000000c3400000,0x00000000c3b8a4c0,0x00000000c5d80000)
 Metaspace       used 10115K, capacity 10256K, committed 10496K, reserved 1058816K
  class space    used 1145K, capacity 1218K, committed 1280K, reserved 1048576K
}
Event: 54.016 GC heap before
{Heap before GC invocations=19 (full 0):
 PSYoungGen      total 19968K, used 15488K [0x00000000ebc00000, 0x00000000ed400000, 0x0000000100000000)
  eden space 15360K, 100% used [0x00000000ebc00000,0x00000000ecb00000,0x00000000ecb00000)
  from space 4608K, 2% used [0x00000000ecf80000,0x00000000ecfa0000,0x00000000ed400000)
  to   space 4608K, 0% used [0x00000000ecb00000,0x00000000ecb00000,0x00000000ecf80000)
 ParOldGen       total 42496K, used 7721K [0x00000000c3400000, 0x00000000c5d80000, 0x00000000ebc00000)
  object space 42496K, 18% used [0x00000000c3400000,0x00000000c3b8a4c0,0x00000000c5d80000)
 Metaspace       used 10121K, capacity 10320K, committed 10496K, reserved 1058816K
  class space    used 1145K, capacity 1218K, committed 1280K, reserved 1048576K
Event: 54.018 GC heap after
Heap after GC invocations=19 (full 0):
 PSYoungGen      total 15872K, used 128K [0x00000000ebc00000, 0x00000000ed300000, 0x0000000100000000)
  eden space 15360K, 0% used [0x00000000ebc00000,0x00000000ebc00000,0x00000000ecb00000)
  from space 512K, 25% used [0x00000000ecb00000,0x00000000ecb20000,0x00000000ecb80000)
  to   space 4096K, 0% used [0x00000000ecf00000,0x00000000ecf00000,0x00000000ed300000)
 ParOldGen       total 42496K, used 7737K [0x00000000c3400000, 0x00000000c5d80000, 0x00000000ebc00000)
  object space 42496K, 18% used [0x00000000c3400000,0x00000000c3b8e4c0,0x00000000c5d80000)
 Metaspace       used 10121K, capacity 10320K, committed 10496K, reserved 1058816K
  class space    used 1145K, capacity 1218K, committed 1280K, reserved 1048576K
}

